DEBUG main com.hjh.demo1.Test2 - 调试信息
INFO main com.hjh.demo1.Test2 - 输出信息
WARN main com.hjh.demo1.Test2 - 警告信息
ERROR main com.hjh.demo1.Test2 - 错误信息
FATAL main com.hjh.demo1.Test2 - 致命信息
DEBUG main com.hjh.demo1.Test1 - 调试信息
INFO main com.hjh.demo1.Test1 - 输出信息
WARN main com.hjh.demo1.Test1 - 警告信息
ERROR main com.hjh.demo1.Test1 - 错误信息
FATAL main com.hjh.demo1.Test1 - 致命信息
DEBUG main com.hjh.demo1.Test1 - 调试信息
INFO main com.hjh.demo1.Test1 - 输出信息
WARN main com.hjh.demo1.Test1 - 警告信息
ERROR main com.hjh.demo1.Test1 - 错误信息
FATAL main com.hjh.demo1.Test1 - 致命信息
DEBUG main com.hjh.demo1.Test2 - 调试信息
INFO main com.hjh.demo1.Test2 - 输出信息
WARN main com.hjh.demo1.Test2 - 警告信息
ERROR main com.hjh.demo1.Test2 - 错误信息
FATAL main com.hjh.demo1.Test2 - 致命信息
